<?xml version="1.0" encoding="UTF-8"?>
<!-- Generated by org.testng.reporters.JUnitXMLReporter -->
<testsuite ignored="0" hostname="T" failures="2" tests="2" name="Surefire test" time="8.781" errors="0" timestamp="2025-03-03T22:16:57 IST">
  <testcase classname="io.cucumber.testng.AbstractTestNGCucumberTests" name="runScenario" time="4.168">
    <failure type="io.cucumber.testng.UndefinedStepException" message="The step &amp;apos;User selects Mode of transport &amp;apos; and 9 other step(s) are undefined.
You can implement these steps using the snippet(s) below:

@When(&amp;quot;User selects Mode of transport &amp;quot;)
public void user_selects_mode_of_transport() {
    // Write code here that turns the phrase above into concrete actions
    throw new io.cucumber.java.PendingException();
}
@When(&amp;quot;User selects type of trip as &amp;quot;)
public void user_selects_type_of_trip_as() {
    // Write code here that turns the phrase above into concrete actions
    throw new io.cucumber.java.PendingException();
}
@Then(&amp;quot;{string} should be populated as {string}&amp;quot;)
public void should_be_populated_as(String string, String string2) {
    // Write code here that turns the phrase above into concrete actions
    throw new io.cucumber.java.PendingException();
}
@Then(&amp;quot;user selects {string} city &amp;quot;)
public void user_selects_city(String string) {
    // Write code here that turns the phrase above into concrete actions
    throw new io.cucumber.java.PendingException();
}
@Then(&amp;quot;User selects Departure date as &amp;lt;departureDate&amp;gt;&amp;quot;)
public void user_selects_departure_date_as_departure_date() {
    // Write code here that turns the phrase above into concrete actions
    throw new io.cucumber.java.PendingException();
}
@Then(&amp;quot;User selects Return date as &amp;lt;returnDate&amp;gt;&amp;quot;)
public void user_selects_return_date_as_return_date() {
    // Write code here that turns the phrase above into concrete actions
    throw new io.cucumber.java.PendingException();
}
@Then(&amp;quot;User selects Adults &amp;lt;adults&amp;gt;, Childern &amp;lt;children&amp;gt;, Infants &amp;lt;infants&amp;gt;&amp;quot;)
public void user_selects_adults_adults_childern_children_infants_infants() {
    // Write code here that turns the phrase above into concrete actions
    throw new io.cucumber.java.PendingException();
}
@Then(&amp;quot;click on {string}&amp;quot;)
public void click_on(String string) {
    // Write code here that turns the phrase above into concrete actions
    throw new io.cucumber.java.PendingException();
}
@Then(&amp;quot;User lands of {string} page&amp;quot;)
public void user_lands_of_page(String string) {
    // Write code here that turns the phrase above into concrete actions
    throw new io.cucumber.java.PendingException();
}
">
      <![CDATA[io.cucumber.testng.UndefinedStepException: The step 'User selects Mode of transport ' and 9 other step(s) are undefined.
You can implement these steps using the snippet(s) below:

@When("User selects Mode of transport ")
public void user_selects_mode_of_transport() {
    // Write code here that turns the phrase above into concrete actions
    throw new io.cucumber.java.PendingException();
}
@When("User selects type of trip as ")
public void user_selects_type_of_trip_as() {
    // Write code here that turns the phrase above into concrete actions
    throw new io.cucumber.java.PendingException();
}
@Then("{string} should be populated as {string}")
public void should_be_populated_as(String string, String string2) {
    // Write code here that turns the phrase above into concrete actions
    throw new io.cucumber.java.PendingException();
}
@Then("user selects {string} city ")
public void user_selects_city(String string) {
    // Write code here that turns the phrase above into concrete actions
    throw new io.cucumber.java.PendingException();
}
@Then("User selects Departure date as <departureDate>")
public void user_selects_departure_date_as_departure_date() {
    // Write code here that turns the phrase above into concrete actions
    throw new io.cucumber.java.PendingException();
}
@Then("User selects Return date as <returnDate>")
public void user_selects_return_date_as_return_date() {
    // Write code here that turns the phrase above into concrete actions
    throw new io.cucumber.java.PendingException();
}
@Then("User selects Adults <adults>, Childern <children>, Infants <infants>")
public void user_selects_adults_adults_childern_children_infants_infants() {
    // Write code here that turns the phrase above into concrete actions
    throw new io.cucumber.java.PendingException();
}
@Then("click on {string}")
public void click_on(String string) {
    // Write code here that turns the phrase above into concrete actions
    throw new io.cucumber.java.PendingException();
}
@Then("User lands of {string} page")
public void user_lands_of_page(String string) {
    // Write code here that turns the phrase above into concrete actions
    throw new io.cucumber.java.PendingException();
}

at io.cucumber.core.runtime.TestCaseResultObserver.assertTestCasePassed(TestCaseResultObserver.java:69)
at io.cucumber.testng.TestCaseResultObserver.assertTestCasePassed(TestCaseResultObserver.java:23)
at io.cucumber.testng.TestNGCucumberRunner.lambda$runScenario$1(TestNGCucumberRunner.java:136)
at io.cucumber.core.runtime.CucumberExecutionContext.lambda$runTestCase$5(CucumberExecutionContext.java:136)
at io.cucumber.core.runtime.RethrowingThrowableCollector.executeAndThrow(RethrowingThrowableCollector.java:23)
at io.cucumber.core.runtime.CucumberExecutionContext.runTestCase(CucumberExecutionContext.java:136)
at io.cucumber.testng.TestNGCucumberRunner.runScenario(TestNGCucumberRunner.java:132)
at io.cucumber.testng.AbstractTestNGCucumberTests.runScenario(AbstractTestNGCucumberTests.java:35)
at java.base/java.util.concurrent.ThreadPoolExecutor.runWorker(ThreadPoolExecutor.java:1136)
at java.base/java.util.concurrent.ThreadPoolExecutor$Worker.run(ThreadPoolExecutor.java:635)
at java.base/java.lang.Thread.run(Thread.java:842)
... Removed 9 stack frames]]>
    </failure>
  </testcase> <!-- runScenario -->
  <testcase classname="io.cucumber.testng.AbstractTestNGCucumberTests" name="runScenario" time="3.627">
    <failure type="io.cucumber.testng.UndefinedStepException" message="The step &amp;apos;User selects Mode of transport &amp;apos; and 9 other step(s) are undefined.
You can implement these steps using the snippet(s) below:

@When(&amp;quot;User selects Mode of transport &amp;quot;)
public void user_selects_mode_of_transport() {
    // Write code here that turns the phrase above into concrete actions
    throw new io.cucumber.java.PendingException();
}
@When(&amp;quot;User selects type of trip as &amp;quot;)
public void user_selects_type_of_trip_as() {
    // Write code here that turns the phrase above into concrete actions
    throw new io.cucumber.java.PendingException();
}
@Then(&amp;quot;{string} should be populated as {string}&amp;quot;)
public void should_be_populated_as(String string, String string2) {
    // Write code here that turns the phrase above into concrete actions
    throw new io.cucumber.java.PendingException();
}
@Then(&amp;quot;user selects {string} city &amp;quot;)
public void user_selects_city(String string) {
    // Write code here that turns the phrase above into concrete actions
    throw new io.cucumber.java.PendingException();
}
@Then(&amp;quot;User selects Departure date as &amp;lt;departureDate&amp;gt;&amp;quot;)
public void user_selects_departure_date_as_departure_date() {
    // Write code here that turns the phrase above into concrete actions
    throw new io.cucumber.java.PendingException();
}
@Then(&amp;quot;User selects Return date as &amp;lt;returnDate&amp;gt;&amp;quot;)
public void user_selects_return_date_as_return_date() {
    // Write code here that turns the phrase above into concrete actions
    throw new io.cucumber.java.PendingException();
}
@Then(&amp;quot;User selects Adults &amp;lt;adults&amp;gt;, Childern &amp;lt;children&amp;gt;, Infants &amp;lt;infants&amp;gt;&amp;quot;)
public void user_selects_adults_adults_childern_children_infants_infants() {
    // Write code here that turns the phrase above into concrete actions
    throw new io.cucumber.java.PendingException();
}
@Then(&amp;quot;click on {string}&amp;quot;)
public void click_on(String string) {
    // Write code here that turns the phrase above into concrete actions
    throw new io.cucumber.java.PendingException();
}
@Then(&amp;quot;User lands of {string} page&amp;quot;)
public void user_lands_of_page(String string) {
    // Write code here that turns the phrase above into concrete actions
    throw new io.cucumber.java.PendingException();
}
">
      <![CDATA[io.cucumber.testng.UndefinedStepException: The step 'User selects Mode of transport ' and 9 other step(s) are undefined.
You can implement these steps using the snippet(s) below:

@When("User selects Mode of transport ")
public void user_selects_mode_of_transport() {
    // Write code here that turns the phrase above into concrete actions
    throw new io.cucumber.java.PendingException();
}
@When("User selects type of trip as ")
public void user_selects_type_of_trip_as() {
    // Write code here that turns the phrase above into concrete actions
    throw new io.cucumber.java.PendingException();
}
@Then("{string} should be populated as {string}")
public void should_be_populated_as(String string, String string2) {
    // Write code here that turns the phrase above into concrete actions
    throw new io.cucumber.java.PendingException();
}
@Then("user selects {string} city ")
public void user_selects_city(String string) {
    // Write code here that turns the phrase above into concrete actions
    throw new io.cucumber.java.PendingException();
}
@Then("User selects Departure date as <departureDate>")
public void user_selects_departure_date_as_departure_date() {
    // Write code here that turns the phrase above into concrete actions
    throw new io.cucumber.java.PendingException();
}
@Then("User selects Return date as <returnDate>")
public void user_selects_return_date_as_return_date() {
    // Write code here that turns the phrase above into concrete actions
    throw new io.cucumber.java.PendingException();
}
@Then("User selects Adults <adults>, Childern <children>, Infants <infants>")
public void user_selects_adults_adults_childern_children_infants_infants() {
    // Write code here that turns the phrase above into concrete actions
    throw new io.cucumber.java.PendingException();
}
@Then("click on {string}")
public void click_on(String string) {
    // Write code here that turns the phrase above into concrete actions
    throw new io.cucumber.java.PendingException();
}
@Then("User lands of {string} page")
public void user_lands_of_page(String string) {
    // Write code here that turns the phrase above into concrete actions
    throw new io.cucumber.java.PendingException();
}

at io.cucumber.core.runtime.TestCaseResultObserver.assertTestCasePassed(TestCaseResultObserver.java:69)
at io.cucumber.testng.TestCaseResultObserver.assertTestCasePassed(TestCaseResultObserver.java:23)
at io.cucumber.testng.TestNGCucumberRunner.lambda$runScenario$1(TestNGCucumberRunner.java:136)
at io.cucumber.core.runtime.CucumberExecutionContext.lambda$runTestCase$5(CucumberExecutionContext.java:136)
at io.cucumber.core.runtime.RethrowingThrowableCollector.executeAndThrow(RethrowingThrowableCollector.java:23)
at io.cucumber.core.runtime.CucumberExecutionContext.runTestCase(CucumberExecutionContext.java:136)
at io.cucumber.testng.TestNGCucumberRunner.runScenario(TestNGCucumberRunner.java:132)
at io.cucumber.testng.AbstractTestNGCucumberTests.runScenario(AbstractTestNGCucumberTests.java:35)
at java.base/java.util.concurrent.ThreadPoolExecutor.runWorker(ThreadPoolExecutor.java:1136)
at java.base/java.util.concurrent.ThreadPoolExecutor$Worker.run(ThreadPoolExecutor.java:635)
at java.base/java.lang.Thread.run(Thread.java:842)
... Removed 9 stack frames]]>
    </failure>
  </testcase> <!-- runScenario -->
</testsuite> <!-- Surefire test -->
